20230815	09:44:19	76162663-b6ed-4941-83f4-1addef27d1be	GET	/	undefined
20230815	09:44:19	b49cb423-41e2-4a3a-8ad3-5805bc0e7dad	GET	/css/style.css	undefined
20230815	09:44:19	a2f2fbbe-37d2-422d-bf2a-01e8200b836b	GET	/favicon.ico	undefined
20230815	10:21:44	ef281df5-b7d8-4b63-abdd-06b41c090ed4	GET	/css/style.css	undefined
20230815	10:22:19	aa61fd83-dff6-4d76-8a7b-1dd1372db3e5	GET	/	undefined
20230815	10:24:44	1d4f1fc5-3358-4b1f-bf98-459e11c344ee	OPTIONS	/	https://www.google.com
20230815	10:24:45	11840f72-6210-47c0-a114-cbcf6a8b1f44	GET	/	https://www.google.com
20230815	16:55:12	f5429d33-c7f0-4f34-ba5c-088f60b0a7f1	GET	/users	undefined
20230818	13:52:03	b6174614-2765-44d7-94ca-83a039cc3536	GET	/users	undefined
20230818	14:00:25	0c382516-74ec-45e3-b837-fe8fdab696b8	POST	/users	undefined
20230818	14:00:42	395096ea-1937-4031-9f66-a4f49292a980	POST	/users	undefined
20230818	14:01:49	07004998-e1e6-4439-9b6f-1d2af3426b8b	POST	/users	undefined
20230818	14:02:37	e259f3e0-1792-44d0-9e36-5ca757457891	POST	/users	undefined
20230818	14:03:53	5647f507-8f55-4703-90ee-38891b97b1a9	POST	/users	undefined
20230818	14:04:04	2ac09638-34aa-49ac-8efb-c630eeceacb9	GET	/users	undefined
20230818	14:07:41	dc84536e-b7be-49e7-ae7d-7e886648d9c3	GET	/users	undefined
20230818	14:07:51	93326406-a0f0-42ea-9e14-10ceced3cb69	POST	/users	undefined
20230818	14:19:29	eeedb483-f0ef-4252-a753-dda64820f716	GET	/users	undefined
20230818	14:19:57	83ccfeaa-737a-4184-aca0-a011742f7d20	PATCH	/users	undefined
20230818	14:20:03	b5d4ce5a-e805-4263-967b-5ccf1300b8cf	PATCH	/users	undefined
20230818	14:20:34	46360654-c0d2-49c8-9bbb-0bf4e8fa24ec	PATCH	/users	undefined
20230818	14:21:28	95cc883a-48eb-4b1f-b62a-05134a30c3cc	DELETE	/users	undefined
20230818	14:21:38	a038b415-b0ef-415b-a39f-f7716b33985f	GET	/users	undefined
20230818	14:21:53	01481e20-caea-412d-8fbc-2d7995d77f45	DELETE	/users	undefined
20230818	14:22:05	41b291b0-0f6b-4b69-aa83-6523cd722b92	DELETE	/users/64dfa479e234d383bd0f67e6	undefined
20230818	14:22:29	220bce77-9c16-4cd8-811d-26dc29525838	DELETE	/users	undefined
20230818	14:22:45	2c3ae5c5-c35c-4860-9830-d6892063d68b	GET	/users	undefined
20230818	14:22:54	6a201b00-3605-49e4-a5eb-b89cb54c305b	DELETE	/users	undefined
20230818	14:23:12	4c1b75fb-3b85-4d43-ad20-e95c633e6274	DELETE	/users	undefined
20230818	14:23:16	3821af25-dbb0-47a5-a5a1-be74970d3d43	DELETE	/users	undefined
20230818	14:23:58	ed174dac-b204-41b7-921c-502e2db07373	DELETE	/users	undefined
20230818	14:24:09	73b702da-149c-4fd3-8d65-2627a39a6c02	GET	/users	undefined
20230818	14:24:29	cfe0f6ea-8284-4883-83df-3cfc282a8dad	DELETE	/users	undefined
20230818	14:25:04	f321a495-076e-439f-ae82-25249cc3f590	DELETE	/users	undefined
20230818	14:25:07	c767e793-bcfa-428d-8913-b6b9d8b4037f	DELETE	/users	undefined
20230818	14:25:25	ca809579-6e4f-4085-bcce-eb390ff59c5f	DELETE	/users	undefined
20230818	14:29:22	c5fe7de4-affe-4833-b25d-4c25a0668b97	GET	/users	undefined
20230818	14:29:41	1d119519-ba69-41c9-a165-ec0cb6bafea2	DELETE	/users	undefined
20230818	14:29:54	59288982-8f42-48fc-9c6e-1376f694594f	PATCH	/users	undefined
20230818	14:30:47	e07946e0-9415-4351-b659-c42b88b7681c	PATCH	/users	undefined
20230818	14:30:48	ca2d10b3-facc-47c2-8e80-e688b82d283f	PATCH	/users	undefined
20230818	14:31:01	9a85dad9-9750-442d-acba-659910bfceb7	PATCH	/users	undefined
20230818	14:31:03	a2d9fb59-7c26-4067-8713-bd5c7420a2c9	PATCH	/users	undefined
20230818	14:32:00	64d0a2b6-60fd-47c5-8f2f-0ef26d8163f8	GET	/users	undefined
20230818	14:32:35	6770a0fd-094e-4494-b848-2eb912b4b989	PATCH	/users	undefined
20230818	14:32:40	c74b74b8-6366-4817-bae3-86de00d9c02d	PATCH	/users	undefined
20230818	14:35:11	0a1c6f5d-4584-4466-b879-2c38c44943ed	PATCH	/users	undefined
20230818	14:35:47	1e761fae-f7bd-41b8-8a70-7472febac339	GET	/users	undefined
20230818	14:35:56	c0bbd6c8-74e6-4825-a398-7ccfb2d5c0d5	DELETE	/users	undefined
20230818	14:38:03	eaa15808-6545-4e10-8144-384f5ea4e945	DELETE	/users/1	undefined
20230818	14:38:16	cf5fdf19-e3ec-4e5f-8664-3cd0789c9908	DELETE	/users	undefined
20230818	14:38:23	dd1f5816-d904-425d-8c44-a51dd9972c5f	DELETE	/users	undefined
20230818	14:38:24	1fbb51fb-c805-47f3-92a2-181b8cd1adf6	DELETE	/users	undefined
20230818	14:38:31	23a3aa8a-8d7b-4b49-85e7-baf91f2fc1a9	DELETE	/users	undefined
20230818	14:38:52	98687a46-b351-4ad5-b160-23f27b05979b	DELETE	/users	undefined
20230818	14:41:51	595f4b53-a2f3-4642-8119-f8a4911881cd	GET	/users	undefined
20230818	14:42:27	c9d3717a-e357-4a23-8ac8-f0014ba3f70e	DELETE	/users	undefined
20230818	14:42:35	6166d5ab-05a6-4ac4-bd00-bd270edeae2a	DELETE	/users	undefined
20230818	14:44:08	a3dc4b33-4045-45fc-aa84-6e16c0c22288	PATCH	/users	undefined
20230818	14:45:15	026939f4-0872-4cde-ba00-46fcd3d54a73	DELETE	/users	undefined
20230818	14:45:32	50ea99b6-f456-4b08-989f-4648756d9df4	DELETE	/users	undefined
20230818	14:46:09	795fe898-9401-48f7-98f5-b239155834bb	DELETE	/users	undefined
20230818	14:50:54	21dabb6b-5564-42ea-9a2c-a41d5b5f4c24	DELETE	/users	undefined
20230818	14:53:35	65dc3118-3a5e-4a14-b9a2-7a3ce1c3dfeb	DELETE	/users	undefined
20230818	14:54:03	6cd08d59-8498-45be-8564-0dcc9b027503	GET	/users	undefined
20230818	14:54:18	086e0145-0a36-456d-b54b-e4b1b87f3861	DELETE	/users	undefined
20230818	14:55:03	d6ccebc1-2395-4c3a-9625-e3a9abdf52e6	DELETE	/users	undefined
20230818	14:55:34	ea34bda5-cfd2-4f34-a643-2ce01c6d0265	DELETE	/users	undefined
20230818	14:55:44	40d473dd-5e5f-4102-8b29-80dc131d66ea	GET	/users	undefined
20230818	14:57:47	df9a6c90-98ac-4f76-ab10-bf834485c599	POST	/users	undefined
20230818	14:57:53	608eaf17-fb37-44ba-9e77-c47cd3ab871e	POST	/users	undefined
20230818	14:57:55	e82bf60b-44da-49e4-9771-deae04b20e57	POST	/users	undefined
20230818	14:57:56	3d8f7241-88f2-4d90-a71c-2ba790f3b6a1	POST	/users	undefined
20230818	14:57:56	7bedeeb5-9cac-4bd0-8345-1eab9f9ee372	POST	/users	undefined
20230818	14:57:56	cd66fcb8-14bc-4f77-84ad-904f1ebb8566	POST	/users	undefined
20230818	14:57:57	00fbb012-4d31-48bb-8933-d104d6589530	POST	/users	undefined
20230818	14:57:57	79ba9b6d-2238-49ca-acb9-4454b349d237	POST	/users	undefined
20230818	14:57:57	99aad5a5-c2b1-4a53-8fe7-a8dde2dce201	POST	/users	undefined
20230818	14:57:57	0f02d449-9641-403c-a751-3d4e6851833c	POST	/users	undefined
20230818	14:57:57	8eb4a172-4d9b-44f6-9bd8-fe0e5fe604eb	POST	/users	undefined
20230818	14:57:57	f2134381-717c-400e-8dc1-4cf1c3d3dabe	POST	/users	undefined
20230818	14:59:18	941a62c9-06d5-40dd-9cb5-b5671b231637	POST	/users	undefined
20230818	15:00:17	e86e9ca3-9332-41c9-a909-c1643ba3bbf7	POST	/users	undefined
20230818	15:00:22	d489de60-66c9-48f8-9410-41f81fffa4a1	GET	/users	undefined
20230818	15:00:43	339f0564-25cc-4f3f-a908-4849a9b8eff2	PATCH	/users	undefined
20230818	15:00:51	37d23a25-c384-4519-8b48-f9740af94b0b	PATCH	/users	undefined
20230818	15:02:31	90ae8f50-11ed-4301-b915-8c3e013fe125	PATCH	/users	undefined
20230818	15:03:40	8da3720d-b31a-4652-91b0-02adf72e1701	PATCH	/users	undefined
20230818	15:04:19	17e34384-0691-4d55-ac50-5528fed9363b	PATCH	/users	undefined
20230818	15:04:46	d2e55b8b-dd50-422a-a930-852c72614203	PATCH	/users	undefined
20230818	15:05:11	d74edc1f-44f9-4ba6-a464-8e54153fdfe3	PATCH	/users	undefined
20230818	15:05:25	95c4e566-22ff-4cef-a842-4d1d04f4d6ce	GET	/users	undefined
20230818	15:05:59	947bc15a-fd39-4ffb-8e0b-7deb157f22bf	GET	/users	undefined
20230818	15:06:06	016b1f34-52ad-41d9-9b48-fe91278c49ff	PATCH	/users	undefined
20230818	15:06:31	f586b6e6-0068-4c82-bbe1-3a1c5eb60ce7	GET	/users	undefined
20230818	15:06:50	f5f119ac-91d2-41ee-b000-3c7929321e7d	PATCH	/users	undefined
20230818	15:06:56	c447698d-4d19-4afc-a29d-59f1c47138a9	PATCH	/users	undefined
20230818	15:07:01	67569b90-3404-4904-8efd-bda81a458ff9	PATCH	/users	undefined
20230818	15:07:06	1fb961b3-0333-4b68-aa5c-0beb8dc4246e	PATCH	/users	undefined
